<?xml version="1.0" encoding="UTF-8"?>
<!-- Generated by org.testng.reporters.JUnitReportReporter -->
<testsuite skipped="0" hostname="BLR-AA200913" name="Maveen.Sample.Sample" tests="1" failures="0" timestamp="28 Feb 2020 07:58:34 GMT" time="2.212" errors="0">
  <testcase name="s1" time="2.212" classname="Maveen.Sample.Sample"/>
</testsuite> <!-- Maveen.Sample.Sample -->
